<?xml version="1.0" encoding="UTF-8"?>
<testsuite name="LibraryTest" tests="1" skipped="0" failures="0" errors="0" timestamp="2018-01-24T11:23:14" hostname="LAPTOP-NDUIBDOH" time="0.047">
  <properties/>
  <testcase name="testSomeLibraryMethod" classname="LibraryTest" time="0.047"/>
  <system-out><![CDATA[]]></system-out>
  <system-err><![CDATA[]]></system-err>
</testsuite>
